2019-02-14 06:02:33 +0000  Initial pipeline context: <IDEDistributionProcessingPipelineContext: 0x7f8d8873bf60; archive(resolved)='<IDEArchive: 0x7f8d895537d0>', distributionTask(resolved)='2', distributionDestination(resolved)='1', distributionMethod(resolved)='<IDEDistributionMethodAdHoc: 0x7f8d9923d920>', team(resolved)='<IDEProvisioningDisambiguatableBasicTeam: 0x7f8daba21f10; teamID='YH429UUPRV', teamName='Wei Wang', teamType='Individual', username='631058717@qq.com', isFreeProvisioningTeam='0'>'>
	Chain (12, self inclusive):
	<IDEDistributionProcessingPipelineContext: 0x7f8d8873bf60; archive = '<IDEArchive: 0x7f8d895537d0>', distributionMethod='<IDEDistributionMethodAdHoc: 0x7f8d9923d920>', team='<IDEProvisioningDisambiguatableBasicTeam: 0x7f8daba21f10; teamID='YH429UUPRV', teamName='Wei Wang', teamType='Individual', username='631058717@qq.com', isFreeProvisioningTeam='0'>'>
	<IDEDistributionProcessingPipelineContext: 0x7f8d897895a0; archive = '<IDEArchive: 0x7f8d895537d0>', distributionMethod='<IDEDistributionMethodAdHoc: 0x7f8d9923d920>', team='<IDEProvisioningDisambiguatableBasicTeam: 0x7f8daba21f10; teamID='YH429UUPRV', teamName='Wei Wang', teamType='Individual', username='631058717@qq.com', isFreeProvisioningTeam='0'>'>
	<IDEDistributionContext: 0x7f8d88d9a830; archive = '<IDEArchive: 0x7f8d895537d0>', distributionMethod='<IDEDistributionMethodAdHoc: 0x7f8d9923d920>', team='<IDEProvisioningDisambiguatableBasicTeam: 0x7f8daba21f10; teamID='YH429UUPRV', teamName='Wei Wang', teamType='Individual', username='631058717@qq.com', isFreeProvisioningTeam='0'>'>
	<IDEDistributionContext: 0x7f8d897c61a0; archive = '<IDEArchive: 0x7f8d895537d0>', distributionMethod='<IDEDistributionMethodAdHoc: 0x7f8d9923d920>', team='<IDEProvisioningDisambiguatableBasicTeam: 0x7f8daba21f10; teamID='YH429UUPRV', teamName='Wei Wang', teamType='Individual', username='631058717@qq.com', isFreeProvisioningTeam='0'>'>
	<IDEDistributionContext: 0x7f8d89788b70; archive = '<IDEArchive: 0x7f8d895537d0>', distributionMethod='<IDEDistributionMethodAdHoc: 0x7f8d9923d920>', team='<IDEProvisioningDisambiguatableBasicTeam: 0x7f8daba21f10; teamID='YH429UUPRV', teamName='Wei Wang', teamType='Individual', username='631058717@qq.com', isFreeProvisioningTeam='0'>'>
	<IDEDistributionContext: 0x7f8da0822760; archive = '<IDEArchive: 0x7f8d895537d0>', distributionMethod='<IDEDistributionMethodAdHoc: 0x7f8d9923d920>', team='<IDEProvisioningDisambiguatableBasicTeam: 0x7f8daba21f10; teamID='YH429UUPRV', teamName='Wei Wang', teamType='Individual', username='631058717@qq.com', isFreeProvisioningTeam='0'>'>
	<IDEDistributionContext: 0x7f8d89b41e50; archive = '<IDEArchive: 0x7f8d895537d0>', distributionMethod='<IDEDistributionMethodAdHoc: 0x7f8d9923d920>', team='<IDEProvisioningDisambiguatableBasicTeam: 0x7f8daba21f10; teamID='YH429UUPRV', teamName='Wei Wang', teamType='Individual', username='631058717@qq.com', isFreeProvisioningTeam='0'>'>
	<IDEDistributionContext: 0x7f8d897306d0; archive = '<IDEArchive: 0x7f8d895537d0>', distributionMethod='<IDEDistributionMethodAdHoc: 0x7f8d9923d920>', team='<IDEProvisioningDisambiguatableBasicTeam: 0x7f8daba21f10; teamID='YH429UUPRV', teamName='Wei Wang', teamType='Individual', username='631058717@qq.com', isFreeProvisioningTeam='0'>'>
	<IDEDistributionContext: 0x7f8d8aa3e2c0; archive = '<IDEArchive: 0x7f8d895537d0>', distributionMethod='<IDEDistributionMethodAdHoc: 0x7f8d9923d920>', team='<IDEProvisioningDisambiguatableBasicTeam: 0x7f8daba21f10; teamID='YH429UUPRV', teamName='Wei Wang', teamType='Individual', username='631058717@qq.com', isFreeProvisioningTeam='0'>'>
	<IDEDistributionContext: 0x7f8dab293500; archive = '<IDEArchive: 0x7f8d895537d0>', distributionMethod='<IDEDistributionMethodAdHoc: 0x7f8d9923d920>', team='(null)'>
	<IDEDistributionContext: 0x7f8d896a6020; archive = '<IDEArchive: 0x7f8d895537d0>', distributionMethod='<IDEDistributionMethodAdHoc: 0x7f8d9923d920>', team='(null)'>
	<IDEDistributionContext: 0x7f8d8953e9d0; archive = '<IDEArchive: 0x7f8d895537d0>', distributionMethod='(null)', team='(null)'>
</IDEDistributionProcessingPipelineContext: 0x7f8d8873bf60>
2019-02-14 06:02:33 +0000  Processing step: IDEDistributionCreateDestRootStep
2019-02-14 06:02:33 +0000  Processing step: IDEDistributionCopyItemStep
2019-02-14 06:02:33 +0000  Running /usr/bin/ditto '-V' '/Users/appleadmin/Library/Developer/Xcode/Archives/2019-02-14/Leaseback 2019-2-14 下午2.01.xcarchive/Products/Applications/Leaseback.app' '/var/folders/_9/j10fm_317wb9dj1_vmlynf7r0000gn/T/XcodeDistPipeline.6nW/Root/Payload/Leaseback.app'
2019-02-14 06:02:33 +0000  >>> Copying /Users/appleadmin/Library/Developer/Xcode/Archives/2019-02-14/Leaseback 2019-2-14 下午2.01.xcarchive/Products/Applications/Leaseback.app 
2019-02-14 06:02:33 +0000  copying file ./_CodeSignature/CodeResources ... 
2019-02-14 06:02:33 +0000  50183 bytes for ./_CodeSignature/CodeResources
2019-02-14 06:02:33 +0000  copying file ./mx_quit@2x.png ... 
2019-02-14 06:02:33 +0000  739 bytes for ./mx_quit@2x.png
2019-02-14 06:02:33 +0000  copying file ./景1.jpg ... 
2019-02-14 06:02:33 +0000  276503 bytes for ./景1.jpg
copying file ./LaunchImage-1100-Portrait-2436h@3x.png ... 
2019-02-14 06:02:33 +0000  743198 bytes for ./LaunchImage-1100-Portrait-2436h@3x.png
2019-02-14 06:02:33 +0000  copying file ./AppIcon20x20@2x.png ... 
3228 bytes for ./AppIcon20x20@2x.png
copying file ./AlipaySDK.bundle/shutdown@2x.png ... 
2019-02-14 06:02:33 +0000  222 bytes for ./AlipaySDK.bundle/shutdown@2x.png
2019-02-14 06:02:33 +0000  copying file ./AlipaySDK.bundle/refresh@2x.png ... 
2019-02-14 06:02:33 +0000  605 bytes for ./AlipaySDK.bundle/refresh@2x.png
2019-02-14 06:02:33 +0000  copying file ./AlipaySDK.bundle/refresh_click@2x.png ... 
2019-02-14 06:02:33 +0000  1824 bytes for ./AlipaySDK.bundle/refresh_click@2x.png
2019-02-14 06:02:33 +0000  copying file ./AlipaySDK.bundle/shutdown_click@2x.png ... 
2019-02-14 06:02:33 +0000  1319 bytes for ./AlipaySDK.bundle/shutdown_click@2x.png
2019-02-14 06:02:33 +0000  copying file ./AlipaySDK.bundle/bar@2x.png ... 
2019-02-14 06:02:33 +0000  1011 bytes for ./AlipaySDK.bundle/bar@2x.png
2019-02-14 06:02:33 +0000  copying file ./景2.jpg ... 
2019-02-14 06:02:33 +0000  469180 bytes for ./景2.jpg
copying file ./景3.jpg ... 
2019-02-14 06:02:33 +0000  264344 bytes for ./景3.jpg
2019-02-14 06:02:33 +0000  copying file ./XinyanResource.bundle/xy_website@3x.png ... 
2019-02-14 06:02:33 +0000  2620 bytes for ./XinyanResource.bundle/xy_website@3x.png
2019-02-14 06:02:33 +0000  copying file ./XinyanResource.bundle/xy_check_nor@3x.png ... 
2019-02-14 06:02:33 +0000  1732 bytes for ./XinyanResource.bundle/xy_check_nor@3x.png
copying file ./XinyanResource.bundle/xy_check_nor@2x.png ... 
2019-02-14 06:02:33 +0000  1048 bytes for ./XinyanResource.bundle/xy_check_nor@2x.png
copying file ./XinyanResource.bundle/xy_website@2x.png ... 
2019-02-14 06:02:33 +0000  1113 bytes for ./XinyanResource.bundle/xy_website@2x.png
2019-02-14 06:02:33 +0000  copying file ./XinyanResource.bundle/xy_refresh@3x.png ... 
2019-02-14 06:02:33 +0000  5490 bytes for ./XinyanResource.bundle/xy_refresh@3x.png
2019-02-14 06:02:33 +0000  copying file ./XinyanResource.bundle/xy_back@2x.png ... 
2019-02-14 06:02:33 +0000  1162 bytes for ./XinyanResource.bundle/xy_back@2x.png
copying file ./XinyanResource.bundle/xy_back@3x.png ... 
2019-02-14 06:02:33 +0000  1243 bytes for ./XinyanResource.bundle/xy_back@3x.png
copying file ./XinyanResource.bundle/xy_refresh@2x.png ... 
2019-02-14 06:02:33 +0000  3026 bytes for ./XinyanResource.bundle/xy_refresh@2x.png
2019-02-14 06:02:34 +0000  copying file ./XinyanResource.bundle/xy_noresult@3x.png ... 
2019-02-14 06:02:34 +0000  12765 bytes for ./XinyanResource.bundle/xy_noresult@3x.png
2019-02-14 06:02:34 +0000  copying file ./XinyanResource.bundle/xy_check_sel@3x.png ... 
2019-02-14 06:02:34 +0000  1335 bytes for ./XinyanResource.bundle/xy_check_sel@3x.png
2019-02-14 06:02:34 +0000  copying file ./XinyanResource.bundle/xy_close@2x.png ... 
2019-02-14 06:02:34 +0000  1705 bytes for ./XinyanResource.bundle/xy_close@2x.png
2019-02-14 06:02:34 +0000  copying file ./XinyanResource.bundle/xy_eye_open@3x.png ... 
2019-02-14 06:02:34 +0000  2197 bytes for ./XinyanResource.bundle/xy_eye_open@3x.png
2019-02-14 06:02:34 +0000  copying file ./XinyanResource.bundle/xy_eye_close@3x.png ... 
2019-02-14 06:02:34 +0000  1015 bytes for ./XinyanResource.bundle/xy_eye_close@3x.png
2019-02-14 06:02:34 +0000  copying file ./XinyanResource.bundle/xy_eye_close@2x.png ... 
2019-02-14 06:02:34 +0000  620 bytes for ./XinyanResource.bundle/xy_eye_close@2x.png
copying file ./XinyanResource.bundle/xy_eye_open@2x.png ... 
2019-02-14 06:02:34 +0000  1391 bytes for ./XinyanResource.bundle/xy_eye_open@2x.png
2019-02-14 06:02:34 +0000  copying file ./XinyanResource.bundle/xy_close@3x.png ... 
2019-02-14 06:02:34 +0000  2943 bytes for ./XinyanResource.bundle/xy_close@3x.png
2019-02-14 06:02:34 +0000  copying file ./XinyanResource.bundle/xy_check_sel@2x.png ... 
2019-02-14 06:02:34 +0000  989 bytes for ./XinyanResource.bundle/xy_check_sel@2x.png
2019-02-14 06:02:34 +0000  copying file ./XinyanResource.bundle/xy_noresult@2x.png ... 
2019-02-14 06:02:34 +0000  8053 bytes for ./XinyanResource.bundle/xy_noresult@2x.png
2019-02-14 06:02:34 +0000  copying file ./XinyanResource.bundle/xy_arrow_down@2x.png ... 
2019-02-14 06:02:34 +0000  602 bytes for ./XinyanResource.bundle/xy_arrow_down@2x.png
2019-02-14 06:02:34 +0000  copying file ./XinyanResource.bundle/xy_arrow_right@3x.png ... 
2019-02-14 06:02:34 +0000  1091 bytes for ./XinyanResource.bundle/xy_arrow_right@3x.png
2019-02-14 06:02:34 +0000  copying file ./XinyanResource.bundle/xy_arrow_right@2x.png ... 
2019-02-14 06:02:34 +0000  670 bytes for ./XinyanResource.bundle/xy_arrow_right@2x.png
2019-02-14 06:02:34 +0000  copying file ./XinyanResource.bundle/xy_arrow_down@3x.png ... 
2019-02-14 06:02:34 +0000  1043 bytes for ./XinyanResource.bundle/xy_arrow_down@3x.png
2019-02-14 06:02:34 +0000  copying file ./Leaseback ... 
2019-02-14 06:02:34 +0000  9821808 bytes for ./Leaseback
copying file ./AppIcon20x20@3x.png ... 
2019-02-14 06:02:34 +0000  5546 bytes for ./AppIcon20x20@3x.png
2019-02-14 06:02:34 +0000  copying file ./screenshot_imported@2x.png ... 
2019-02-14 06:02:34 +0000  5892 bytes for ./screenshot_imported@2x.png
2019-02-14 06:02:34 +0000  copying file ./景4.jpg ... 
2019-02-14 06:02:34 +0000  181676 bytes for ./景4.jpg
copying file ./景5.jpg ... 
2019-02-14 06:02:34 +0000  53447 bytes for ./景5.jpg
2019-02-14 06:02:34 +0000  copying file ./MJRefresh.bundle/zh-Hans.lproj/Localizable.strings ... 
2019-02-14 06:02:34 +0000  1194 bytes for ./MJRefresh.bundle/zh-Hans.lproj/Localizable.strings
2019-02-14 06:02:34 +0000  copying file ./MJRefresh.bundle/en.lproj/Localizable.strings ... 
2019-02-14 06:02:34 +0000  1372 bytes for ./MJRefresh.bundle/en.lproj/Localizable.strings
2019-02-14 06:02:34 +0000  copying file ./MJRefresh.bundle/arrow@2x.png ... 
2019-02-14 06:02:34 +0000  1033 bytes for ./MJRefresh.bundle/arrow@2x.png
2019-02-14 06:02:34 +0000  copying file ./MJRefresh.bundle/zh-Hant.lproj/Localizable.strings ... 
2019-02-14 06:02:34 +0000  773 bytes for ./MJRefresh.bundle/zh-Hant.lproj/Localizable.strings
2019-02-14 06:02:34 +0000  copying file ./mx_refresh@2x.png ... 
2019-02-14 06:02:34 +0000  1405 bytes for ./mx_refresh@2x.png
2019-02-14 06:02:34 +0000  copying file ./AppIcon60x60@2x.png ... 
2019-02-14 06:02:34 +0000  15949 bytes for ./AppIcon60x60@2x.png
2019-02-14 06:02:34 +0000  copying file ./IQKeyboardManager.bundle/IQButtonBarArrowRight@2x.png ... 
2019-02-14 06:02:34 +0000  1786 bytes for ./IQKeyboardManager.bundle/IQButtonBarArrowRight@2x.png
2019-02-14 06:02:34 +0000  copying file ./IQKeyboardManager.bundle/IQButtonBarArrowUp@3x.png ... 
2019-02-14 06:02:34 +0000  2164 bytes for ./IQKeyboardManager.bundle/IQButtonBarArrowUp@3x.png
copying file ./IQKeyboardManager.bundle/IQButtonBarArrowUp@2x.png ... 
2019-02-14 06:02:34 +0000  1769 bytes for ./IQKeyboardManager.bundle/IQButtonBarArrowUp@2x.png
copying file ./IQKeyboardManager.bundle/IQButtonBarArrowRight@3x.png ... 
2019-02-14 06:02:34 +0000  1844 bytes for ./IQKeyboardManager.bundle/IQButtonBarArrowRight@3x.png
2019-02-14 06:02:34 +0000  copying file ./IQKeyboardManager.bundle/IQButtonBarArrowLeft@3x.png ... 
2019-02-14 06:02:34 +0000  1815 bytes for ./IQKeyboardManager.bundle/IQButtonBarArrowLeft@3x.png
2019-02-14 06:02:34 +0000  copying file ./IQKeyboardManager.bundle/IQButtonBarArrowDown@3x.png ... 
2019-02-14 06:02:34 +0000  2177 bytes for ./IQKeyboardManager.bundle/IQButtonBarArrowDown@3x.png
2019-02-14 06:02:34 +0000  copying file ./IQKeyboardManager.bundle/IQButtonBarArrowDown@2x.png ... 
2019-02-14 06:02:34 +0000  1764 bytes for ./IQKeyboardManager.bundle/IQButtonBarArrowDown@2x.png
2019-02-14 06:02:34 +0000  copying file ./IQKeyboardManager.bundle/IQButtonBarArrowLeft@2x.png ... 
2019-02-14 06:02:34 +0000  1793 bytes for ./IQKeyboardManager.bundle/IQButtonBarArrowLeft@2x.png
copying file ./AppIcon29x29@2x.png ... 
2019-02-14 06:02:34 +0000  5228 bytes for ./AppIcon29x29@2x.png
2019-02-14 06:02:34 +0000  copying file ./LaunchImage-800-667h@2x.png ... 
2019-02-14 06:02:34 +0000  326094 bytes for ./LaunchImage-800-667h@2x.png
copying file ./AppIcon40x40@3x.png ... 
2019-02-14 06:02:34 +0000  15949 bytes for ./AppIcon40x40@3x.png
2019-02-14 06:02:34 +0000  copying file ./AppIcon40x40@2x.png ... 
2019-02-14 06:02:34 +0000  8486 bytes for ./AppIcon40x40@2x.png
2019-02-14 06:02:34 +0000  copying file ./AppIcon29x29@3x.png ... 
2019-02-14 06:02:34 +0000  9600 bytes for ./AppIcon29x29@3x.png
2019-02-14 06:02:34 +0000  copying file ./AppIcon60x60@3x.png ... 
2019-02-14 06:02:34 +0000  31161 bytes for ./AppIcon60x60@3x.png
2019-02-14 06:02:34 +0000  copying file ./Base.lproj/LaunchScreen.storyboardc/01J-lp-oVM-view-Ze5-6b-2t3.nib ... 
2019-02-14 06:02:34 +0000  1791 bytes for ./Base.lproj/LaunchScreen.storyboardc/01J-lp-oVM-view-Ze5-6b-2t3.nib
2019-02-14 06:02:34 +0000  copying file ./Base.lproj/LaunchScreen.storyboardc/UIViewController-01J-lp-oVM.nib ... 
2019-02-14 06:02:34 +0000  832 bytes for ./Base.lproj/LaunchScreen.storyboardc/UIViewController-01J-lp-oVM.nib
2019-02-14 06:02:34 +0000  copying file ./Base.lproj/LaunchScreen.storyboardc/Info.plist ... 
2019-02-14 06:02:34 +0000  258 bytes for ./Base.lproj/LaunchScreen.storyboardc/Info.plist
2019-02-14 06:02:34 +0000  copying file ./mx_back@2x.png ... 
2019-02-14 06:02:34 +0000  548 bytes for ./mx_back@2x.png
2019-02-14 06:02:34 +0000  copying file ./screenshot_next@2x.png ... 
2019-02-14 06:02:34 +0000  1884 bytes for ./screenshot_next@2x.png
2019-02-14 06:02:34 +0000  copying file ./Assets.car ... 
2019-02-14 06:02:34 +0000  10398712 bytes for ./Assets.car
2019-02-14 06:02:34 +0000  copying file ./LaunchImage-800-Portrait-736h@3x.png ... 
2019-02-14 06:02:34 +0000  762433 bytes for ./LaunchImage-800-Portrait-736h@3x.png
2019-02-14 06:02:34 +0000  copying file ./LaunchImage-700@2x.png ... 
2019-02-14 06:02:34 +0000  214490 bytes for ./LaunchImage-700@2x.png
2019-02-14 06:02:34 +0000  copying file ./LaunchImage-700-568h@2x.png ... 
2019-02-14 06:02:34 +0000  248960 bytes for ./LaunchImage-700-568h@2x.png
copying file ./mx_ScanningLine@2x.png ... 
2019-02-14 06:02:34 +0000  3891 bytes for ./mx_ScanningLine@2x.png
copying file ./Resource.bundle/en.lproj/Root.strings ... 
2019-02-14 06:02:34 +0000  546 bytes for ./Resource.bundle/en.lproj/Root.strings
2019-02-14 06:02:34 +0000  copying file ./Resource.bundle/Resources/ico_baozi.png ... 
2019-02-14 06:02:34 +0000  423 bytes for ./Resource.bundle/Resources/ico_baozi.png
copying file ./Resource.bundle/Resources/SoundOFF.png ... 
2019-02-14 06:02:34 +0000  474 bytes for ./Resource.bundle/Resources/SoundOFF.png
copying file ./Resource.bundle/Resources/img_face_detective300.png ... 
2019-02-14 06:02:34 +0000  70437 bytes for ./Resource.bundle/Resources/img_face_detective300.png
2019-02-14 06:02:34 +0000  copying file ./Resource.bundle/Resources/ll_hf.xml ... 
2019-02-14 06:02:34 +0000  837462 bytes for ./Resource.bundle/Resources/ll_hf.xml
2019-02-14 06:02:34 +0000  copying file ./Resource.bundle/Resources/img_identity_front_old.png ... 
2019-02-14 06:02:34 +0000  148987 bytes for ./Resource.bundle/Resources/img_identity_front_old.png
copying file ./Resource.bundle/Resources/face_mp3_weixiao.mp3 ... 
2019-02-14 06:02:34 +0000  31162 bytes for ./Resource.bundle/Resources/face_mp3_weixiao.mp3
2019-02-14 06:02:34 +0000  copying file ./Resource.bundle/Resources/ico_identify_wrong.png ... 
2019-02-14 06:02:34 +0000  2092 bytes for ./Resource.bundle/Resources/ico_identify_wrong.png
2019-02-14 06:02:34 +0000  copying file ./Resource.bundle/Resources/face_mp3_zuozhuantou.mp3 ... 
2019-02-14 06:02:34 +0000  44950 bytes for ./Resource.bundle/Resources/face_mp3_zuozhuantou.mp3
2019-02-14 06:02:34 +0000  copying file ./Resource.bundle/Resources/img_face_detective_male300.png ... 
2019-02-14 06:02:34 +0000  48201 bytes for ./Resource.bundle/Resources/img_face_detective_male300.png
2019-02-14 06:02:34 +0000  copying file ./Resource.bundle/Resources/ico_checked.png ... 
2019-02-14 06:02:34 +0000  1361 bytes for ./Resource.bundle/Resources/ico_checked.png
copying file ./Resource.bundle/Resources/face_mp3_restart.mp3 ... 
2019-02-14 06:02:34 +0000  21757 bytes for ./Resource.bundle/Resources/face_mp3_restart.mp3
2019-02-14 06:02:34 +0000  copying file ./Resource.bundle/Resources/face_img_human_l.png ... 
2019-02-14 06:02:34 +0000  6017 bytes for ./Resource.bundle/Resources/face_img_human_l.png
2019-02-14 06:02:34 +0000  copying file ./Resource.bundle/Resources/iconfont-shanguangdeng.png ... 
2019-02-14 06:02:34 +0000  600 bytes for ./Resource.bundle/Resources/iconfont-shanguangdeng.png
2019-02-14 06:02:34 +0000  copying file ./Resource.bundle/Resources/btn_nav_back.png ... 
2019-02-14 06:02:34 +0000  1111 bytes for ./Resource.bundle/Resources/btn_nav_back.png
copying file ./Resource.bundle/Resources/face_mp3_yaoyaotou.mp3 ... 
2019-02-14 06:02:34 +0000  25520 bytes for ./Resource.bundle/Resources/face_mp3_yaoyaotou.mp3
2019-02-14 06:02:34 +0000  copying file ./Resource.bundle/Resources/face_img_wrong.png ... 
2019-02-14 06:02:34 +0000  1143 bytes for ./Resource.bundle/Resources/face_img_wrong.png
2019-02-14 06:02:34 +0000  copying file ./Resource.bundle/Resources/button_ocr_tips.png ... 
2019-02-14 06:02:34 +0000  748 bytes for ./Resource.bundle/Resources/button_ocr_tips.png
2019-02-14 06:02:34 +0000  copying file ./Resource.bundle/Resources/face_img_correct.png ... 
2019-02-14 06:02:34 +0000  798 bytes for ./Resource.bundle/Resources/face_img_correct.png
copying file ./Resource.bundle/Resources/btn_identity_add.png ... 
2019-02-14 06:02:34 +0000  990 bytes for ./Resource.bundle/Resources/btn_identity_add.png
2019-02-14 06:02:34 +0000  copying file ./Resource.bundle/Resources/button_ocr_camera.png ... 
2019-02-14 06:02:34 +0000  702 bytes for ./Resource.bundle/Resources/button_ocr_camera.png
copying file ./Resource.bundle/Resources/face_mp3_good.mp3 ... 
2019-02-14 06:02:34 +0000  9537 bytes for ./Resource.bundle/Resources/face_mp3_good.mp3
2019-02-14 06:02:34 +0000  copying file ./Resource.bundle/Resources/button_ocr_confirm.png ... 
2019-02-14 06:02:34 +0000  2735 bytes for ./Resource.bundle/Resources/button_ocr_confirm.png
copying file ./Resource.bundle/Resources/face_img_rollleft.png ... 
2019-02-14 06:02:34 +0000  35072 bytes for ./Resource.bundle/Resources/face_img_rollleft.png
2019-02-14 06:02:34 +0000  copying file ./Resource.bundle/Resources/img_identity_back.png ... 
2019-02-14 06:02:34 +0000  15061 bytes for ./Resource.bundle/Resources/img_identity_back.png
2019-02-14 06:02:34 +0000  copying file ./Resource.bundle/Resources/ico_faceauth_step_done.png ... 
2019-02-14 06:02:34 +0000  2018 bytes for ./Resource.bundle/Resources/ico_faceauth_step_done.png
copying file ./Resource.bundle/Resources/UDFingerURL.plist ... 
2019-02-14 06:02:34 +0000  341 bytes for ./Resource.bundle/Resources/UDFingerURL.plist
2019-02-14 06:02:34 +0000  copying file ./Resource.bundle/Resources/ll_ed.bin ... 
2019-02-14 06:02:34 +0000  195100 bytes for ./Resource.bundle/Resources/ll_ed.bin
2019-02-14 06:02:34 +0000  copying file ./Resource.bundle/Resources/ll_es.bin ... 
2019-02-14 06:02:34 +0000  1460 bytes for ./Resource.bundle/Resources/ll_es.bin
2019-02-14 06:02:34 +0000  copying file ./Resource.bundle/Resources/safe_key.der ... 
2019-02-14 06:02:34 +0000  1232 bytes for ./Resource.bundle/Resources/safe_key.der
copying file ./Resource.bundle/Resources/img_identify_background.png ... 
2019-02-14 06:02:34 +0000  314728 bytes for ./Resource.bundle/Resources/img_identify_background.png
2019-02-14 06:02:34 +0000  copying file ./Resource.bundle/Resources/img_identity_front.png ... 
2019-02-14 06:02:34 +0000  35430 bytes for ./Resource.bundle/Resources/img_identity_front.png
copying file ./Resource.bundle/Resources/face_mp3_zhayan.mp3 ... 
2019-02-14 06:02:34 +0000  38372 bytes for ./Resource.bundle/Resources/face_mp3_zhayan.mp3
2019-02-14 06:02:34 +0000  copying file ./Resource.bundle/Resources/face_img_frame.png ... 
2019-02-14 06:02:34 +0000  691 bytes for ./Resource.bundle/Resources/face_img_frame.png
2019-02-14 06:02:34 +0000  copying file ./Resource.bundle/Resources/btn_takephoto.png ... 
2019-02-14 06:02:34 +0000  492 bytes for ./Resource.bundle/Resources/btn_takephoto.png
2019-02-14 06:02:34 +0000  copying file ./Resource.bundle/Resources/ll_ss.bin ... 
2019-02-14 06:02:34 +0000  3620 bytes for ./Resource.bundle/Resources/ll_ss.bin
2019-02-14 06:02:34 +0000  copying file ./Resource.bundle/Resources/face_img_leftright.gif ... 
2019-02-14 06:02:34 +0000  26783 bytes for ./Resource.bundle/Resources/face_img_leftright.gif
2019-02-14 06:02:34 +0000  copying file ./Resource.bundle/Resources/ico_stepview_faceauth_n.png ... 
2019-02-14 06:02:34 +0000  2362 bytes for ./Resource.bundle/Resources/ico_stepview_faceauth_n.png
2019-02-14 06:02:34 +0000  copying file ./Resource.bundle/Resources/ico_stepview_checkinfo_h.png ... 
2019-02-14 06:02:34 +0000  1735 bytes for ./Resource.bundle/Resources/ico_stepview_checkinfo_h.png
2019-02-14 06:02:34 +0000  copying file ./Resource.bundle/Resources/ll_fd.bin ... 
2019-02-14 06:02:34 +0000  1209904 bytes for ./Resource.bundle/Resources/ll_fd.bin
copying file ./Resource.bundle/Resources/img_example.png ... 
2019-02-14 06:02:34 +0000  1886 bytes for ./Resource.bundle/Resources/img_example.png
2019-02-14 06:02:34 +0000  copying file ./Resource.bundle/Resources/SoundON.png ... 
2019-02-14 06:02:34 +0000  600 bytes for ./Resource.bundle/Resources/SoundON.png
copying file ./Resource.bundle/Resources/btn_fix.png ... 
2019-02-14 06:02:34 +0000  16757 bytes for ./Resource.bundle/Resources/btn_fix.png
copying file ./Resource.bundle/Resources/iconfont-xiangji.png ... 
2019-02-14 06:02:34 +0000  1088 bytes for ./Resource.bundle/Resources/iconfont-xiangji.png
copying file ./Resource.bundle/Resources/img_checkmark.png ... 
2019-02-14 06:02:34 +0000  394 bytes for ./Resource.bundle/Resources/img_checkmark.png
2019-02-14 06:02:34 +0000  copying file ./Resource.bundle/Resources/face_img_smile.png ... 
2019-02-14 06:02:34 +0000  38819 bytes for ./Resource.bundle/Resources/face_img_smile.png
2019-02-14 06:02:34 +0000  copying file ./Resource.bundle/Resources/ico_stepview_checkinfo_n.png ... 
2019-02-14 06:02:34 +0000  2004 bytes for ./Resource.bundle/Resources/ico_stepview_checkinfo_n.png
2019-02-14 06:02:34 +0000  copying file ./Resource.bundle/Resources/ico_stepview_faceauth_h.png ... 
2019-02-14 06:02:34 +0000  2310 bytes for ./Resource.bundle/Resources/ico_stepview_faceauth_h.png
2019-02-14 06:02:34 +0000  copying file ./Resource.bundle/Resources/video-play.png ... 
2019-02-14 06:02:34 +0000  3703 bytes for ./Resource.bundle/Resources/video-play.png
2019-02-14 06:02:34 +0000  copying file ./Resource.bundle/Resources/img_viewfinder.png ... 
2019-02-14 06:02:34 +0000  1277 bytes for ./Resource.bundle/Resources/img_viewfinder.png
2019-02-14 06:02:34 +0000  copying file ./Resource.bundle/Resources/ico_faceauth_step_nor.png ... 
2019-02-14 06:02:34 +0000  1893 bytes for ./Resource.bundle/Resources/ico_faceauth_step_nor.png
2019-02-14 06:02:34 +0000  copying file ./Resource.bundle/Resources/Config.plist ... 
2019-02-14 06:02:34 +0000  1230 bytes for ./Resource.bundle/Resources/Config.plist
2019-02-14 06:02:34 +0000  copying file ./Resource.bundle/Resources/face_img_blink.png ... 
2019-02-14 06:02:34 +0000  36007 bytes for ./Resource.bundle/Resources/face_img_blink.png
copying file ./Resource.bundle/Resources/face_img_eyesleft.png ... 
2019-02-14 06:02:34 +0000  33441 bytes for ./Resource.bundle/Resources/face_img_eyesleft.png
copying file ./Resource.bundle/Resources/face_img_human_4.png ... 
2019-02-14 06:02:34 +0000  6250 bytes for ./Resource.bundle/Resources/face_img_human_4.png
copying file ./Resource.bundle/Resources/ico_stepview_uploadid_n.png ... 
2019-02-14 06:02:34 +0000  2183 bytes for ./Resource.bundle/Resources/ico_stepview_uploadid_n.png
copying file ./Resource.bundle/Resources/ll_f.xml ... 
2019-02-14 06:02:34 +0000  51856 bytes for ./Resource.bundle/Resources/ll_f.xml
copying file ./Resource.bundle/Resources/ll_md.bin ... 
2019-02-14 06:02:34 +0000  158980 bytes for ./Resource.bundle/Resources/ll_md.bin
2019-02-14 06:02:34 +0000  copying file ./Resource.bundle/Resources/face_mp3_youzhuantou.mp3 ... 
2019-02-14 06:02:34 +0000  43966 bytes for ./Resource.bundle/Resources/face_mp3_youzhuantou.mp3
copying file ./Resource.bundle/Resources/face_mp3_success.mp3 ... 
2019-02-14 06:02:34 +0000  33723 bytes for ./Resource.bundle/Resources/face_mp3_success.mp3
copying file ./Resource.bundle/Resources/face_img_rollright.png ... 
2019-02-14 06:02:34 +0000  34135 bytes for ./Resource.bundle/Resources/face_img_rollright.png
2019-02-14 06:02:34 +0000  copying file ./Resource.bundle/Resources/face_mp3_last.mp3 ... 
2019-02-14 06:02:34 +0000  11725 bytes for ./Resource.bundle/Resources/face_mp3_last.mp3
copying file ./Resource.bundle/Resources/button_ocr_cancel.png ... 
2019-02-14 06:02:34 +0000  2377 bytes for ./Resource.bundle/Resources/button_ocr_cancel.png
2019-02-14 06:02:34 +0000  copying file ./Resource.bundle/Resources/ico_identify_right.png ... 
2019-02-14 06:02:34 +0000  2001 bytes for ./Resource.bundle/Resources/ico_identify_right.png
2019-02-14 06:02:34 +0000  copying file ./Resource.bundle/Resources/face_img_eyesright.png ... 
2019-02-14 06:02:34 +0000  32728 bytes for ./Resource.bundle/Resources/face_img_eyesright.png
copying file ./Resource.bundle/Resources/ll_as.bin ... 
2019-02-14 06:02:34 +0000  5984 bytes for ./Resource.bundle/Resources/ll_as.bin
2019-02-14 06:02:34 +0000  copying file ./Resource.bundle/Resources/button_ocr_takephoto.png ... 
2019-02-14 06:02:34 +0000  4427 bytes for ./Resource.bundle/Resources/button_ocr_takephoto.png
copying file ./Resource.bundle/Resources/btn_close.png ... 
2019-02-14 06:02:34 +0000  224 bytes for ./Resource.bundle/Resources/btn_close.png
2019-02-14 06:02:34 +0000  copying file ./Resource.bundle/Resources/ico_stepview_uploadid_h.png ... 
2019-02-14 06:02:34 +0000  2076 bytes for ./Resource.bundle/Resources/ico_stepview_uploadid_h.png
copying file ./Resource.bundle/Resources/face_mp3_start.mp3 ... 
2019-02-14 06:02:34 +0000  32410 bytes for ./Resource.bundle/Resources/face_mp3_start.mp3
copying file ./Resource.bundle/Resources/img_identity_back_old.png ... 
2019-02-14 06:02:34 +0000  148037 bytes for ./Resource.bundle/Resources/img_identity_back_old.png
copying file ./Resource.bundle/Root.plist ... 
2019-02-14 06:02:34 +0000  1456 bytes for ./Resource.bundle/Root.plist
2019-02-14 06:02:34 +0000  copying file ./embedded.mobileprovision ... 
2019-02-14 06:02:34 +0000  14940 bytes for ./embedded.mobileprovision
copying file ./screenshot_header_bg@2x.png ... 
2019-02-14 06:02:34 +0000  26637 bytes for ./screenshot_header_bg@2x.png
2019-02-14 06:02:34 +0000  copying file ./Info.plist ... 
2019-02-14 06:02:34 +0000  2226 bytes for ./Info.plist
copying file ./PkgInfo ... 
2019-02-14 06:02:34 +0000  8 bytes for ./PkgInfo
2019-02-14 06:02:34 +0000  /usr/bin/ditto exited with 0
2019-02-14 06:02:34 +0000  Processing step: IDEDistributionEmbedProfileStep
2019-02-14 06:02:34 +0000  Processing step: IDEDistributionAppThinningPlistStep
2019-02-14 06:02:34 +0000  Skipping step: IDEDistributionAppThinningPlistStep because it said so
2019-02-14 06:02:34 +0000  Processing step: IDEDistributionCompileBitcodeStep
2019-02-14 06:02:34 +0000  Skipping step: IDEDistributionCompileBitcodeStep because it said so
2019-02-14 06:02:34 +0000  Processing step: IDEDistributionCodeSlimmingStep
2019-02-14 06:02:34 +0000  Processing step: IDEDistributionCopyBCSymbolMapsStep
2019-02-14 06:02:34 +0000  Skipping step: IDEDistributionCopyBCSymbolMapsStep because it said so
2019-02-14 06:02:34 +0000  Processing step: IDEDistributionSymbolsStep
2019-02-14 06:02:34 +0000  Skipping step: IDEDistributionSymbolsStep because it said so
2019-02-14 06:02:34 +0000  Processing step: IDEDistributionAppThinningStep
2019-02-14 06:02:34 +0000  Skipping step: IDEDistributionAppThinningStep because it said so
2019-02-14 06:02:34 +0000  Processing step: IDEDistributionArchThinningStep
2019-02-14 06:02:34 +0000  Running /Applications/Xcode.app/Contents/Developer/Toolchains/XcodeDefault.xctoolchain/usr/bin/lipo '/var/folders/_9/j10fm_317wb9dj1_vmlynf7r0000gn/T/XcodeDistPipeline.6nW/Root/Payload/Leaseback.app/Leaseback' '-verify_arch' 'arm64e'
2019-02-14 06:02:34 +0000  /Applications/Xcode.app/Contents/Developer/Toolchains/XcodeDefault.xctoolchain/usr/bin/lipo exited with 1
2019-02-14 06:02:34 +0000  Skipping architecture thinning for item "Leaseback" because arch "arm64e" wasn't found
2019-02-14 06:02:34 +0000  Processing step: IDEDistributionODRStep
2019-02-14 06:02:34 +0000  Processing step: IDEDistributionStripXattrsStep
2019-02-14 06:02:34 +0000  Running /usr/bin/xattr '-crs' '/var/folders/_9/j10fm_317wb9dj1_vmlynf7r0000gn/T/XcodeDistPipeline.6nW/Root/Payload/Leaseback.app'
2019-02-14 06:02:35 +0000  /usr/bin/xattr exited with 0
2019-02-14 06:02:35 +0000  Processing step: IDEDistributionCodesignStep
2019-02-14 06:02:35 +0000  Entitlements for <IDEDistributionItem: 0x7f8dc3312e70 'com.cash.feitianzhulonly' '<DVTFilePath:0x7f8d89ba5cb0:'/Users/appleadmin/Library/Developer/Xcode/Archives/2019-02-14/Leaseback 2019-2-14 下午2.01.xcarchive/Products/Applications/Leaseback.app'>'>: {
    "application-identifier" = "YH429UUPRV.com.cash.feitianzhulonly";
    "aps-environment" = production;
    "com.apple.developer.team-identifier" = YH429UUPRV;
    "get-task-allow" = 0;
}
2019-02-14 06:02:35 +0000  Writing entitlements for <IDEDistributionItem: 0x7f8dc3312e70 'com.cash.feitianzhulonly' '<DVTFilePath:0x7f8d89ba5cb0:'/Users/appleadmin/Library/Developer/Xcode/Archives/2019-02-14/Leaseback 2019-2-14 下午2.01.xcarchive/Products/Applications/Leaseback.app'>'> to: /var/folders/_9/j10fm_317wb9dj1_vmlynf7r0000gn/T/XcodeDistPipeline.6nW/entitlements6DrCm4
2019-02-14 06:02:35 +0000  Running /usr/bin/codesign '-vvv' '--force' '--sign' 'B38546A359B1D035ABE178338644A3794A865C67' '--entitlements' '/var/folders/_9/j10fm_317wb9dj1_vmlynf7r0000gn/T/XcodeDistPipeline.6nW/entitlements6DrCm4' '--preserve-metadata=identifier,flags,runtime' '/var/folders/_9/j10fm_317wb9dj1_vmlynf7r0000gn/T/XcodeDistPipeline.6nW/Root/Payload/Leaseback.app'
2019-02-14 06:02:35 +0000  /var/folders/_9/j10fm_317wb9dj1_vmlynf7r0000gn/T/XcodeDistPipeline.6nW/Root/Payload/Leaseback.app: replacing existing signature
2019-02-14 06:02:36 +0000  /var/folders/_9/j10fm_317wb9dj1_vmlynf7r0000gn/T/XcodeDistPipeline.6nW/Root/Payload/Leaseback.app: signed app bundle with Mach-O thin (arm64) [com.cash.feitianzhulonly]
2019-02-14 06:02:36 +0000  
2019-02-14 06:02:36 +0000  /usr/bin/codesign exited with 0
2019-02-14 06:02:36 +0000  Processing step: IDEDistributionZipODRItemStep
2019-02-14 06:02:36 +0000  Skipping step: IDEDistributionZipODRItemStep because it said so
2019-02-14 06:02:36 +0000  Processing step: IDEDistributionCreateIPAStep
2019-02-14 06:02:36 +0000  Running /usr/bin/ditto '-V' '-c' '-k' '--norsrc' '/var/folders/_9/j10fm_317wb9dj1_vmlynf7r0000gn/T/XcodeDistPipeline.6nW/Root' '/var/folders/_9/j10fm_317wb9dj1_vmlynf7r0000gn/T/XcodeDistPipeline.6nW/Packages/Leaseback.ipa'
2019-02-14 06:02:36 +0000  >>> Copying /var/folders/_9/j10fm_317wb9dj1_vmlynf7r0000gn/T/XcodeDistPipeline.6nW/Root 
2019-02-14 06:02:36 +0000  copying file ./Payload/Leaseback.app/_CodeSignature/CodeResources ... 
2019-02-14 06:02:36 +0000  50183 bytes for ./Payload/Leaseback.app/_CodeSignature/CodeResources
2019-02-14 06:02:36 +0000  copying file ./Payload/Leaseback.app/mx_quit@2x.png ... 
2019-02-14 06:02:36 +0000  739 bytes for ./Payload/Leaseback.app/mx_quit@2x.png
copying file ./Payload/Leaseback.app/景1.jpg ... 
2019-02-14 06:02:36 +0000  276503 bytes for ./Payload/Leaseback.app/景1.jpg
copying file ./Payload/Leaseback.app/LaunchImage-1100-Portrait-2436h@3x.png ... 
2019-02-14 06:02:36 +0000  743198 bytes for ./Payload/Leaseback.app/LaunchImage-1100-Portrait-2436h@3x.png
2019-02-14 06:02:36 +0000  copying file ./Payload/Leaseback.app/AppIcon20x20@2x.png ... 
2019-02-14 06:02:36 +0000  3228 bytes for ./Payload/Leaseback.app/AppIcon20x20@2x.png
copying file ./Payload/Leaseback.app/AlipaySDK.bundle/shutdown@2x.png ... 
2019-02-14 06:02:36 +0000  222 bytes for ./Payload/Leaseback.app/AlipaySDK.bundle/shutdown@2x.png
copying file ./Payload/Leaseback.app/AlipaySDK.bundle/refresh@2x.png ... 
2019-02-14 06:02:36 +0000  605 bytes for ./Payload/Leaseback.app/AlipaySDK.bundle/refresh@2x.png
copying file ./Payload/Leaseback.app/AlipaySDK.bundle/refresh_click@2x.png ... 
2019-02-14 06:02:36 +0000  1824 bytes for ./Payload/Leaseback.app/AlipaySDK.bundle/refresh_click@2x.png
2019-02-14 06:02:36 +0000  copying file ./Payload/Leaseback.app/AlipaySDK.bundle/shutdown_click@2x.png ... 
2019-02-14 06:02:36 +0000  1319 bytes for ./Payload/Leaseback.app/AlipaySDK.bundle/shutdown_click@2x.png
copying file ./Payload/Leaseback.app/AlipaySDK.bundle/bar@2x.png ... 
1011 bytes for ./Payload/Leaseback.app/AlipaySDK.bundle/bar@2x.png
2019-02-14 06:02:36 +0000  copying file ./Payload/Leaseback.app/景2.jpg ... 
2019-02-14 06:02:36 +0000  469180 bytes for ./Payload/Leaseback.app/景2.jpg
copying file ./Payload/Leaseback.app/景3.jpg ... 
2019-02-14 06:02:36 +0000  264344 bytes for ./Payload/Leaseback.app/景3.jpg
copying file ./Payload/Leaseback.app/XinyanResource.bundle/xy_website@3x.png ... 
2019-02-14 06:02:36 +0000  2620 bytes for ./Payload/Leaseback.app/XinyanResource.bundle/xy_website@3x.png
copying file ./Payload/Leaseback.app/XinyanResource.bundle/xy_check_nor@3x.png ... 
2019-02-14 06:02:36 +0000  1732 bytes for ./Payload/Leaseback.app/XinyanResource.bundle/xy_check_nor@3x.png
2019-02-14 06:02:36 +0000  copying file ./Payload/Leaseback.app/XinyanResource.bundle/xy_check_nor@2x.png ... 
2019-02-14 06:02:36 +0000  1048 bytes for ./Payload/Leaseback.app/XinyanResource.bundle/xy_check_nor@2x.png
copying file ./Payload/Leaseback.app/XinyanResource.bundle/xy_website@2x.png ... 
2019-02-14 06:02:36 +0000  1113 bytes for ./Payload/Leaseback.app/XinyanResource.bundle/xy_website@2x.png
2019-02-14 06:02:36 +0000  copying file ./Payload/Leaseback.app/XinyanResource.bundle/xy_refresh@3x.png ... 
2019-02-14 06:02:36 +0000  5490 bytes for ./Payload/Leaseback.app/XinyanResource.bundle/xy_refresh@3x.png
copying file ./Payload/Leaseback.app/XinyanResource.bundle/xy_back@2x.png ... 
2019-02-14 06:02:36 +0000  1162 bytes for ./Payload/Leaseback.app/XinyanResource.bundle/xy_back@2x.png
copying file ./Payload/Leaseback.app/XinyanResource.bundle/xy_back@3x.png ... 
2019-02-14 06:02:36 +0000  1243 bytes for ./Payload/Leaseback.app/XinyanResource.bundle/xy_back@3x.png
copying file ./Payload/Leaseback.app/XinyanResource.bundle/xy_refresh@2x.png ... 
2019-02-14 06:02:36 +0000  3026 bytes for ./Payload/Leaseback.app/XinyanResource.bundle/xy_refresh@2x.png
2019-02-14 06:02:36 +0000  copying file ./Payload/Leaseback.app/XinyanResource.bundle/xy_noresult@3x.png ... 
2019-02-14 06:02:36 +0000  12765 bytes for ./Payload/Leaseback.app/XinyanResource.bundle/xy_noresult@3x.png
copying file ./Payload/Leaseback.app/XinyanResource.bundle/xy_check_sel@3x.png ... 
2019-02-14 06:02:36 +0000  1335 bytes for ./Payload/Leaseback.app/XinyanResource.bundle/xy_check_sel@3x.png
copying file ./Payload/Leaseback.app/XinyanResource.bundle/xy_close@2x.png ... 
2019-02-14 06:02:36 +0000  1705 bytes for ./Payload/Leaseback.app/XinyanResource.bundle/xy_close@2x.png
copying file ./Payload/Leaseback.app/XinyanResource.bundle/xy_eye_open@3x.png ... 
2019-02-14 06:02:36 +0000  2197 bytes for ./Payload/Leaseback.app/XinyanResource.bundle/xy_eye_open@3x.png
2019-02-14 06:02:36 +0000  copying file ./Payload/Leaseback.app/XinyanResource.bundle/xy_eye_close@3x.png ... 
1015 bytes for ./Payload/Leaseback.app/XinyanResource.bundle/xy_eye_close@3x.png
copying file ./Payload/Leaseback.app/XinyanResource.bundle/xy_eye_close@2x.png ... 
2019-02-14 06:02:36 +0000  620 bytes for ./Payload/Leaseback.app/XinyanResource.bundle/xy_eye_close@2x.png
copying file ./Payload/Leaseback.app/XinyanResource.bundle/xy_eye_open@2x.png ... 
2019-02-14 06:02:36 +0000  1391 bytes for ./Payload/Leaseback.app/XinyanResource.bundle/xy_eye_open@2x.png
copying file ./Payload/Leaseback.app/XinyanResource.bundle/xy_close@3x.png ... 
2019-02-14 06:02:36 +0000  2943 bytes for ./Payload/Leaseback.app/XinyanResource.bundle/xy_close@3x.png
2019-02-14 06:02:36 +0000  copying file ./Payload/Leaseback.app/XinyanResource.bundle/xy_check_sel@2x.png ... 
2019-02-14 06:02:36 +0000  989 bytes for ./Payload/Leaseback.app/XinyanResource.bundle/xy_check_sel@2x.png
copying file ./Payload/Leaseback.app/XinyanResource.bundle/xy_noresult@2x.png ... 
2019-02-14 06:02:36 +0000  8053 bytes for ./Payload/Leaseback.app/XinyanResource.bundle/xy_noresult@2x.png
copying file ./Payload/Leaseback.app/XinyanResource.bundle/xy_arrow_down@2x.png ... 
2019-02-14 06:02:36 +0000  602 bytes for ./Payload/Leaseback.app/XinyanResource.bundle/xy_arrow_down@2x.png
copying file ./Payload/Leaseback.app/XinyanResource.bundle/xy_arrow_right@3x.png ... 
1091 bytes for ./Payload/Leaseback.app/XinyanResource.bundle/xy_arrow_right@3x.png
2019-02-14 06:02:36 +0000  copying file ./Payload/Leaseback.app/XinyanResource.bundle/xy_arrow_right@2x.png ... 
2019-02-14 06:02:36 +0000  670 bytes for ./Payload/Leaseback.app/XinyanResource.bundle/xy_arrow_right@2x.png
2019-02-14 06:02:36 +0000  copying file ./Payload/Leaseback.app/XinyanResource.bundle/xy_arrow_down@3x.png ... 
2019-02-14 06:02:36 +0000  1043 bytes for ./Payload/Leaseback.app/XinyanResource.bundle/xy_arrow_down@3x.png
2019-02-14 06:02:36 +0000  copying file ./Payload/Leaseback.app/Leaseback ... 
2019-02-14 06:02:37 +0000  9821808 bytes for ./Payload/Leaseback.app/Leaseback
2019-02-14 06:02:37 +0000  copying file ./Payload/Leaseback.app/AppIcon20x20@3x.png ... 
5546 bytes for ./Payload/Leaseback.app/AppIcon20x20@3x.png
copying file ./Payload/Leaseback.app/screenshot_imported@2x.png ... 
5892 bytes for ./Payload/Leaseback.app/screenshot_imported@2x.png
copying file ./Payload/Leaseback.app/景4.jpg ... 
2019-02-14 06:02:37 +0000  181676 bytes for ./Payload/Leaseback.app/景4.jpg
2019-02-14 06:02:37 +0000  copying file ./Payload/Leaseback.app/景5.jpg ... 
2019-02-14 06:02:37 +0000  53447 bytes for ./Payload/Leaseback.app/景5.jpg
2019-02-14 06:02:37 +0000  copying file ./Payload/Leaseback.app/MJRefresh.bundle/zh-Hans.lproj/Localizable.strings ... 
2019-02-14 06:02:37 +0000  1194 bytes for ./Payload/Leaseback.app/MJRefresh.bundle/zh-Hans.lproj/Localizable.strings
2019-02-14 06:02:37 +0000  copying file ./Payload/Leaseback.app/MJRefresh.bundle/en.lproj/Localizable.strings ... 
2019-02-14 06:02:37 +0000  1372 bytes for ./Payload/Leaseback.app/MJRefresh.bundle/en.lproj/Localizable.strings
copying file ./Payload/Leaseback.app/MJRefresh.bundle/arrow@2x.png ... 
2019-02-14 06:02:37 +0000  1033 bytes for ./Payload/Leaseback.app/MJRefresh.bundle/arrow@2x.png
2019-02-14 06:02:37 +0000  copying file ./Payload/Leaseback.app/MJRefresh.bundle/zh-Hant.lproj/Localizable.strings ... 
2019-02-14 06:02:37 +0000  773 bytes for ./Payload/Leaseback.app/MJRefresh.bundle/zh-Hant.lproj/Localizable.strings
2019-02-14 06:02:37 +0000  copying file ./Payload/Leaseback.app/mx_refresh@2x.png ... 
2019-02-14 06:02:37 +0000  1405 bytes for ./Payload/Leaseback.app/mx_refresh@2x.png
2019-02-14 06:02:37 +0000  copying file ./Payload/Leaseback.app/AppIcon60x60@2x.png ... 
2019-02-14 06:02:37 +0000  15949 bytes for ./Payload/Leaseback.app/AppIcon60x60@2x.png
2019-02-14 06:02:37 +0000  copying file ./Payload/Leaseback.app/IQKeyboardManager.bundle/IQButtonBarArrowRight@2x.png ... 
2019-02-14 06:02:37 +0000  1786 bytes for ./Payload/Leaseback.app/IQKeyboardManager.bundle/IQButtonBarArrowRight@2x.png
copying file ./Payload/Leaseback.app/IQKeyboardManager.bundle/IQButtonBarArrowUp@3x.png ... 
2019-02-14 06:02:37 +0000  2164 bytes for ./Payload/Leaseback.app/IQKeyboardManager.bundle/IQButtonBarArrowUp@3x.png
copying file ./Payload/Leaseback.app/IQKeyboardManager.bundle/IQButtonBarArrowUp@2x.png ... 
2019-02-14 06:02:37 +0000  1769 bytes for ./Payload/Leaseback.app/IQKeyboardManager.bundle/IQButtonBarArrowUp@2x.png
copying file ./Payload/Leaseback.app/IQKeyboardManager.bundle/IQButtonBarArrowRight@3x.png ... 
2019-02-14 06:02:37 +0000  1844 bytes for ./Payload/Leaseback.app/IQKeyboardManager.bundle/IQButtonBarArrowRight@3x.png
copying file ./Payload/Leaseback.app/IQKeyboardManager.bundle/IQButtonBarArrowLeft@3x.png ... 
2019-02-14 06:02:37 +0000  1815 bytes for ./Payload/Leaseback.app/IQKeyboardManager.bundle/IQButtonBarArrowLeft@3x.png
copying file ./Payload/Leaseback.app/IQKeyboardManager.bundle/IQButtonBarArrowDown@3x.png ... 
2019-02-14 06:02:37 +0000  2177 bytes for ./Payload/Leaseback.app/IQKeyboardManager.bundle/IQButtonBarArrowDown@3x.png
copying file ./Payload/Leaseback.app/IQKeyboardManager.bundle/IQButtonBarArrowDown@2x.png ... 
2019-02-14 06:02:37 +0000  1764 bytes for ./Payload/Leaseback.app/IQKeyboardManager.bundle/IQButtonBarArrowDown@2x.png
copying file ./Payload/Leaseback.app/IQKeyboardManager.bundle/IQButtonBarArrowLeft@2x.png ... 
2019-02-14 06:02:37 +0000  1793 bytes for ./Payload/Leaseback.app/IQKeyboardManager.bundle/IQButtonBarArrowLeft@2x.png
2019-02-14 06:02:37 +0000  copying file ./Payload/Leaseback.app/AppIcon29x29@2x.png ... 
5228 bytes for ./Payload/Leaseback.app/AppIcon29x29@2x.png
copying file ./Payload/Leaseback.app/LaunchImage-800-667h@2x.png ... 
2019-02-14 06:02:37 +0000  326094 bytes for ./Payload/Leaseback.app/LaunchImage-800-667h@2x.png
2019-02-14 06:02:37 +0000  copying file ./Payload/Leaseback.app/AppIcon40x40@3x.png ... 
2019-02-14 06:02:37 +0000  15949 bytes for ./Payload/Leaseback.app/AppIcon40x40@3x.png
2019-02-14 06:02:37 +0000  copying file ./Payload/Leaseback.app/AppIcon40x40@2x.png ... 
2019-02-14 06:02:37 +0000  8486 bytes for ./Payload/Leaseback.app/AppIcon40x40@2x.png
2019-02-14 06:02:37 +0000  copying file ./Payload/Leaseback.app/AppIcon29x29@3x.png ... 
2019-02-14 06:02:37 +0000  9600 bytes for ./Payload/Leaseback.app/AppIcon29x29@3x.png
copying file ./Payload/Leaseback.app/AppIcon60x60@3x.png ... 
2019-02-14 06:02:37 +0000  31161 bytes for ./Payload/Leaseback.app/AppIcon60x60@3x.png
2019-02-14 06:02:37 +0000  copying file ./Payload/Leaseback.app/Base.lproj/LaunchScreen.storyboardc/01J-lp-oVM-view-Ze5-6b-2t3.nib ... 
2019-02-14 06:02:37 +0000  1791 bytes for ./Payload/Leaseback.app/Base.lproj/LaunchScreen.storyboardc/01J-lp-oVM-view-Ze5-6b-2t3.nib
copying file ./Payload/Leaseback.app/Base.lproj/LaunchScreen.storyboardc/UIViewController-01J-lp-oVM.nib ... 
2019-02-14 06:02:37 +0000  832 bytes for ./Payload/Leaseback.app/Base.lproj/LaunchScreen.storyboardc/UIViewController-01J-lp-oVM.nib
copying file ./Payload/Leaseback.app/Base.lproj/LaunchScreen.storyboardc/Info.plist ... 
2019-02-14 06:02:37 +0000  258 bytes for ./Payload/Leaseback.app/Base.lproj/LaunchScreen.storyboardc/Info.plist
2019-02-14 06:02:37 +0000  copying file ./Payload/Leaseback.app/mx_back@2x.png ... 
2019-02-14 06:02:37 +0000  548 bytes for ./Payload/Leaseback.app/mx_back@2x.png
copying file ./Payload/Leaseback.app/screenshot_next@2x.png ... 
2019-02-14 06:02:37 +0000  1884 bytes for ./Payload/Leaseback.app/screenshot_next@2x.png
2019-02-14 06:02:37 +0000  copying file ./Payload/Leaseback.app/Assets.car ... 
2019-02-14 06:02:38 +0000  10398712 bytes for ./Payload/Leaseback.app/Assets.car
copying file ./Payload/Leaseback.app/LaunchImage-800-Portrait-736h@3x.png ... 
2019-02-14 06:02:39 +0000  762433 bytes for ./Payload/Leaseback.app/LaunchImage-800-Portrait-736h@3x.png
copying file ./Payload/Leaseback.app/LaunchImage-700@2x.png ... 
214490 bytes for ./Payload/Leaseback.app/LaunchImage-700@2x.png
copying file ./Payload/Leaseback.app/LaunchImage-700-568h@2x.png ... 
248960 bytes for ./Payload/Leaseback.app/LaunchImage-700-568h@2x.png
copying file ./Payload/Leaseback.app/mx_ScanningLine@2x.png ... 
3891 bytes for ./Payload/Leaseback.app/mx_ScanningLine@2x.png
copying file ./Payload/Leaseback.app/Resource.bundle/en.lproj/Root.strings ... 
546 bytes for ./Payload/Leaseback.app/Resource.bundle/en.lproj/Root.strings
copying file ./Payload/Leaseback.app/Resource.bundle/Resources/ico_baozi.png ... 
423 bytes for ./Payload/Leaseback.app/Resource.bundle/Resources/ico_baozi.png
copying file ./Payload/Leaseback.app/Resource.bundle/Resources/SoundOFF.png ... 
474 bytes for ./Payload/Leaseback.app/Resource.bundle/Resources/SoundOFF.png
copying file ./Payload/Leaseback.app/Resource.bundle/Resources/img_face_detective300.png ... 
70437 bytes for ./Payload/Leaseback.app/Resource.bundle/Resources/img_face_detective300.png
copying file ./Payload/Leaseback.app/Resource.bundle/Resources/ll_hf.xml ... 
837462 bytes for ./Payload/Leaseback.app/Resource.bundle/Resources/ll_hf.xml
copying file ./Payload/Leaseback.app/Resource.bundle/Resources/img_identity_front_old.png ... 
148987 bytes for ./Payload/Leaseback.app/Resource.bundle/Resources/img_identity_front_old.png
copying file ./Payload/Leaseback.app/Resource.bundle/Resources/face_mp3_weixiao.mp3 ... 
31162 bytes for ./Payload/Leaseback.app/Resource.bundle/Resources/face_mp3_weixiao.mp3
copying file ./Payload/Leaseback.app/Resource.bundle/Resources/ico_identify_wrong.png ... 
2092 bytes for ./Payload/Leaseback.app/Resource.bundle/Resources/ico_identify_wrong.png
copying file ./Payload/Leaseback.app/Resource.bundle/Resources/face_mp3_zuozhuantou.mp3 ... 
44950 bytes for ./Payload/Leaseback.app/Resource.bundle/Resources/face_mp3_zuozhuantou.mp3
copying file ./Payload/Leaseback.app/Resource.bundle/Resources/img_face_detective_male300.png ... 
48201 bytes for ./Payload/Leaseback.app/Resource.bundle/Resources/img_face_detective_male300.png
copying file ./Payload/Leaseback.app/Resource.bundle/Resources/ico_checked.png ... 
1361 bytes for ./Payload/Leaseback.app/Resource.bundle/Resources/ico_checked.png
copying file ./Payload/Leaseback.app/Resource.bundle/Resources/face_mp3_restart.mp3 ... 
21757 bytes for ./Payload/Leaseback.app/Resource.bundle/Resources/face_mp3_restart.mp3
copying file ./Payload/Leaseback.app/Resource.bundle/Resources/face_img_human_l.png ... 
6017 bytes for ./Payload/Leaseback.app/Resource.bundle/Resources/face_img_human_l.png
copying file ./Payload/Leaseback.app/Resource.bundle/Resources/iconfont-shanguangdeng.png ... 
600 bytes for ./Payload/Leaseback.app/Resource.bundle/Resources/iconfont-shanguangdeng.png
copying file ./Payload/Leaseback.app/Resource.bundle/Resources/btn_nav_back.png ... 
1111 bytes for ./Payload/Leaseback.app/Resource.bundle/Resources/btn_nav_back.png
copying file ./Payload/Leaseback.app/Resource.bundle/Resources/face_mp3_yaoyaotou.mp3 ... 
25520 bytes for ./Payload/Leaseback.app/Resource.bundle/Resources/face_mp3_yaoyaotou.mp3
copying file ./Payload/Leaseback.app/Resource.bundle/Resources/face_img_wrong.png ... 
1143 bytes for ./Payload/Leaseback.app/Resource.bundle/Resources/face_img_wrong.png
copying file ./Payload/Leaseback.app/Resource.bundle/Resources/button_ocr_tips.png ... 
748 bytes for ./Payload/Leaseback.app/Resource.bundle/Resources/button_ocr_tips.png
copying file ./Payload/Leaseback.app/Resource.bundle/Resources/face_img_correct.png ... 
798 bytes for ./Payload/Leaseback.app/Resource.bundle/Resources/face_img_correct.png
copying file ./Payload/Leaseback.app/Resource.bundle/Resources/btn_identity_add.png ... 
990 bytes for ./Payload/Leaseback.app/Resource.bundle/Resources/btn_identity_add.png
copying file ./Payload/Leaseback.app/Resource.bundle/Resources/button_ocr_camera.png ... 
702 bytes for ./Payload/Leaseback.app/Resource.bundle/
2019-02-14 06:02:39 +0000  Resources/button_ocr_camera.png
copying file ./Payload/Leaseback.app/Resource.bundle/Resources/face_mp3_good.mp3 ... 
9537 bytes for ./Payload/Leaseback.app/Resource.bundle/Resources/face_mp3_good.mp3
copying file ./Payload/Leaseback.app/Resource.bundle/Resources/button_ocr_confirm.png ... 
2735 bytes for ./Payload/Leaseback.app/Resource.bundle/Resources/button_ocr_confirm.png
copying file ./Payload/Leaseback.app/Resource.bundle/Resources/face_img_rollleft.png ... 
35072 bytes for ./Payload/Leaseback.app/Resource.bundle/Resources/face_img_rollleft.png
copying file ./Payload/Leaseback.app/Resource.bundle/Resources/img_identity_back.png ... 
15061 bytes for ./Payload/Leaseback.app/Resource.bundle/Resources/img_identity_back.png
copying file ./Payload/Leaseback.app/Resource.bundle/Resources/ico_faceauth_step_done.png ... 
2018 bytes for ./Payload/Leaseback.app/Resource.bundle/Resources/ico_faceauth_step_done.png
copying file ./Payload/Leaseback.app/Resource.bundle/Resources/UDFingerURL.plist ... 
341 bytes for ./Payload/Leaseback.app/Resource.bundle/Resources/UDFingerURL.plist
copying file ./Payload/Leaseback.app/Resource.bundle/Resources/ll_ed.bin ... 
195100 bytes for ./Payload/Leaseback.app/Resource.bundle/Resources/ll_ed.bin
copying file ./Payload/Leaseback.app/Resource.bundle/Resources/ll_es.bin ... 
1460 bytes for ./Payload/Leaseback.app/Resource.bundle/Resources/ll_es.bin
copying file ./Payload/Leaseback.app/Resource.bundle/Resources/safe_key.der ... 
1232 bytes for ./Payload/Leaseback.app/Resource.bundle/Resources/safe_key.der
copying file ./Payload/Leaseback.app/Resource.bundle/Resources/img_identify_background.png ... 
314728 bytes for ./Payload/Leaseback.app/Resource.bundle/Resources/img_identify_background.png
copying file ./Payload/Leaseback.app/Resource.bundle/Resources/img_identity_front.png ... 
35430 bytes for ./Payload/Leaseback.app/Resource.bundle/Resources/img_identity_front.png
copying file ./Payload/Leaseback.app/Resource.bundle/Resources/face_mp3_zhayan.mp3 ... 
38372 bytes for ./Payload/Leaseback.app/Resource.bundle/Resources/face_mp3_zhayan.mp3
copying file ./Payload/Leaseback.app/Resource.bundle/Resources/face_img_frame.png ... 
691 bytes for ./Payload/Leaseback.app/Resource.bundle/Resources/face_img_frame.png
copying file ./Payload/Leaseback.app/Resource.bundle/Resources/btn_takephoto.png ... 
492 bytes for ./Payload/Leaseback.app/Resource.bundle/Resources/btn_takephoto.png
copying file ./Payload/Leaseback.app/Resource.bundle/Resources/ll_ss.bin ... 
3620 bytes for ./Payload/Leaseback.app/Resource.bundle/Resources/ll_ss.bin
copying file ./Payload/Leaseback.app/Resource.bundle/Resources/face_img_leftright.gif ... 
26783 bytes for ./Payload/Leaseback.app/Resource.bundle/Resources/face_img_leftright.gif
copying file ./Payload/Leaseback.app/Resource.bundle/Resources/ico_stepview_faceauth_n.png ... 
2362 bytes for ./Payload/Leaseback.app/Resource.bundle/Resources/ico_stepview_faceauth_n.png
copying file ./Payload/Leaseback.app/Resource.bundle/Resources/ico_stepview_checkinfo_h.png ... 
1735 bytes for ./Payload/Leaseback.app/Resource.bundle/Resources/ico_stepview_checkinfo_h.png
copying file ./Payload/Leaseback.app/Resource.bundle/Resources/ll_fd.bin ... 
2019-02-14 06:02:40 +0000  1209904 bytes for ./Payload/Leaseback.app/Resource.bundle/Resources/ll_fd.bin
2019-02-14 06:02:40 +0000  copying file ./Payload/Leaseback.app/Resource.bundle/Resources/img_example.png ... 
2019-02-14 06:02:40 +0000  1886 bytes for ./Payload/Leaseback.app/Resource.bundle/Resources/img_example.png
copying file ./Payload/Leaseback.app/Resource.bundle/Resources/SoundON.png ... 
2019-02-14 06:02:40 +0000  600 bytes for ./Payload/Leaseback.app/Resource.bundle/Resources/SoundON.png
2019-02-14 06:02:40 +0000  copying file ./Payload/Leaseback.app/Resource.bundle/Resources/btn_fix.png ... 
2019-02-14 06:02:40 +0000  16757 bytes for ./Payload/Leaseback.app/Resource.bundle/Resources/btn_fix.png
copying file ./Payload/Leaseback.app/Resource.bundle/Resources/iconfont-xiangji.png ... 
2019-02-14 06:02:40 +0000  1088 bytes for ./Payload/Leaseback.app/Resource.bundle/Resources/iconfont-xiangji.png
2019-02-14 06:02:40 +0000  copying file ./Payload/Leaseback.app/Resource.bundle/Resources/img_checkmark.png ... 
2019-02-14 06:02:40 +0000  394 bytes for ./Payload/Leaseback.app/Resource.bundle/Resources/img_checkmark.png
copying file ./Payload/Leaseback.app/Resource.bundle/Resources/face_img_smile.png ... 
2019-02-14 06:02:40 +0000  38819 bytes for ./Payload/Leaseback.app/Resource.bundle/Resources/face_img_smile.png
2019-02-14 06:02:40 +0000  copying file ./Payload/Leaseback.app/Resource.bundle/Resources/ico_stepview_checkinfo_n.png ... 
2019-02-14 06:02:40 +0000  2004 bytes for ./Payload/Leaseback.app/Resource.bundle/Resources/ico_stepview_checkinfo_n.png
copying file ./Payload/Leaseback.app/Resource.bundle/Resources/ico_stepview_faceauth_h.png ... 
2019-02-14 06:02:41 +0000  2310 bytes for ./Payload/Leaseback.app/Resource.bundle/Resources/ico_stepview_faceauth_h.png
copying file ./Payload/Leaseback.app/Resource.bundle/Resources/video-play.png ... 
2019-02-14 06:02:41 +0000  3703 bytes for ./Payload/Leaseback.app/Resource.bundle/Resources/video-play.png
copying file ./Payload/Leaseback.app/Resource.bundle/Resources/img_viewfinder.png ... 
2019-02-14 06:02:41 +0000  1277 bytes for ./Payload/Leaseback.app/Resource.bundle/Resources/img_viewfinder.png
copying file ./Payload/Leaseback.app/Resource.bundle/Resources/ico_faceauth_step_nor.png ... 
2019-02-14 06:02:41 +0000  1893 bytes for ./Payload/Leaseback.app/Resource.bundle/Resources/ico_faceauth_step_nor.png
2019-02-14 06:02:41 +0000  copying file ./Payload/Leaseback.app/Resource.bundle/Resources/Config.plist ... 
2019-02-14 06:02:41 +0000  1230 bytes for ./Payload/Leaseback.app/Resource.bundle/Resources/Config.plist
copying file ./Payload/Leaseback.app/Resource.bundle/Resources/face_img_blink.png ... 
2019-02-14 06:02:41 +0000  36007 bytes for ./Payload/Leaseback.app/Resource.bundle/Resources/face_img_blink.png
2019-02-14 06:02:41 +0000  copying file ./Payload/Leaseback.app/Resource.bundle/Resources/face_img_eyesleft.png ... 
2019-02-14 06:02:41 +0000  33441 bytes for ./Payload/Leaseback.app/Resource.bundle/Resources/face_img_eyesleft.png
2019-02-14 06:02:41 +0000  copying file ./Payload/Leaseback.app/Resource.bundle/Resources/face_img_human_4.png ... 
2019-02-14 06:02:41 +0000  6250 bytes for ./Payload/Leaseback.app/Resource.bundle/Resources/face_img_human_4.png
copying file ./Payload/Leaseback.app/Resource.bundle/Resources/ico_stepview_uploadid_n.png ... 
2019-02-14 06:02:41 +0000  2183 bytes for ./Payload/Leaseback.app/Resource.bundle/Resources/ico_stepview_uploadid_n.png
2019-02-14 06:02:41 +0000  copying file ./Payload/Leaseback.app/Resource.bundle/Resources/ll_f.xml ... 
2019-02-14 06:02:41 +0000  51856 bytes for ./Payload/Leaseback.app/Resource.bundle/Resources/ll_f.xml
copying file ./Payload/Leaseback.app/Resource.bundle/Resources/ll_md.bin ... 
2019-02-14 06:02:41 +0000  158980 bytes for ./Payload/Leaseback.app/Resource.bundle/Resources/ll_md.bin
2019-02-14 06:02:41 +0000  copying file ./Payload/Leaseback.app/Resource.bundle/Resources/face_mp3_youzhuantou.mp3 ... 
2019-02-14 06:02:41 +0000  43966 bytes for ./Payload/Leaseback.app/Resource.bundle/Resources/face_mp3_youzhuantou.mp3
2019-02-14 06:02:41 +0000  copying file ./Payload/Leaseback.app/Resource.bundle/Resources/face_mp3_success.mp3 ... 
2019-02-14 06:02:41 +0000  33723 bytes for ./Payload/Leaseback.app/Resource.bundle/Resources/face_mp3_success.mp3
copying file ./Payload/Leaseback.app/Resource.bundle/Resources/face_img_rollright.png ... 
2019-02-14 06:02:41 +0000  34135 bytes for ./Payload/Leaseback.app/Resource.bundle/Resources/face_img_rollright.png
copying file ./Payload/Leaseback.app/Resource.bundle/Resources/face_mp3_last.mp3 ... 
2019-02-14 06:02:41 +0000  11725 bytes for ./Payload/Leaseback.app/Resource.bundle/Resources/face_mp3_last.mp3
copying file ./Payload/Leaseback.app/Resource.bundle/Resources/button_ocr_cancel.png ... 
2019-02-14 06:02:41 +0000  2377 bytes for ./Payload/Leaseback.app/Resource.bundle/Resources/button_ocr_cancel.png
copying file ./Payload/Leaseback.app/Resource.bundle/Resources/ico_identify_right.png ... 
2019-02-14 06:02:41 +0000  2001 bytes for ./Payload/Leaseback.app/Resource.bundle/Resources/ico_identify_right.png
2019-02-14 06:02:42 +0000  copying file ./Payload/Leaseback.app/Resource.bundle/Resources/face_img_eyesright.png ... 
2019-02-14 06:02:42 +0000  32728 bytes for ./Payload/Leaseback.app/Resource.bundle/Resources/face_img_eyesright.png
copying file ./Payload/Leaseback.app/Resource.bundle/Resources/ll_as.bin ... 
2019-02-14 06:02:42 +0000  5984 bytes for ./Payload/Leaseback.app/Resource.bundle/Resources/ll_as.bin
2019-02-14 06:02:42 +0000  copying file ./Payload/Leaseback.app/Resource.bundle/Resources/button_ocr_takephoto.png ... 
2019-02-14 06:02:42 +0000  4427 bytes for ./Payload/Leaseback.app/Resource.bundle/Resources/button_ocr_takephoto.png
copying file ./Payload/Leaseback.app/Resource.bundle/Resources/btn_close.png ... 
2019-02-14 06:02:42 +0000  224 bytes for ./Payload/Leaseback.app/Resource.bundle/Resources/btn_close.png
2019-02-14 06:02:42 +0000  copying file ./Payload/Leaseback.app/Resource.bundle/Resources/ico_stepview_uploadid_h.png ... 
2019-02-14 06:02:42 +0000  2076 bytes for ./Payload/Leaseback.app/Resource.bundle/Resources/ico_stepview_uploadid_h.png
copying file ./Payload/Leaseback.app/Resource.bundle/Resources/face_mp3_start.mp3 ... 
2019-02-14 06:02:42 +0000  32410 bytes for ./Payload/Leaseback.app/Resource.bundle/Resources/face_mp3_start.mp3
2019-02-14 06:02:42 +0000  copying file ./Payload/Leaseback.app/Resource.bundle/Resources/img_identity_back_old.png ... 
2019-02-14 06:02:42 +0000  148037 bytes for ./Payload/Leaseback.app/Resource.bundle/Resources/img_identity_back_old.png
copying file ./Payload/Leaseback.app/Resource.bundle/Root.plist ... 
2019-02-14 06:02:42 +0000  1456 bytes for ./Payload/Leaseback.app/Resource.bundle/Root.plist
copying file ./Payload/Leaseback.app/embedded.mobileprovision ... 
2019-02-14 06:02:42 +0000  11115 bytes for ./Payload/Leaseback.app/embedded.mobileprovision
copying file ./Payload/Leaseback.app/screenshot_header_bg@2x.png ... 
2019-02-14 06:02:42 +0000  26637 bytes for ./Payload/Leaseback.app/screenshot_header_bg@2x.png
2019-02-14 06:02:42 +0000  copying file ./Payload/Leaseback.app/Info.plist ... 
2226 bytes for ./Payload/Leaseback.app/Info.plist
copying file ./Payload/Leaseback.app/PkgInfo ... 
8 bytes for ./Payload/Leaseback.app/PkgInfo
2019-02-14 06:02:42 +0000  /usr/bin/ditto exited with 0
2019-02-14 06:02:44 +0000  Processing step: IDEDistributionAppStoreInformationStep
2019-02-14 06:02:44 +0000  Skipping step: IDEDistributionAppStoreInformationStep because it said so
2019-02-14 06:02:44 +0000  Processing step: IDEDistributionCreateManifestStep
